[0.060s] Invoking command in '/home/eleclabs/ros2_ws/build/webcam_stream': CMAKE_PREFIX_PATH=${CMAKE_PREFIX_PATH}:/home/eleclabs/ros2_ws/install/usb_cam_realtime:/home/eleclabs/ros2_ws/install/usb_cam_example:/home/eleclabs/ros2_ws/install/ros2_opencv:/home/eleclabs/ros2_ws/install/opencv_tools:/home/eleclabs/ros2_ws/install/object_detection:/home/eleclabs/ros2_ws/install/image_viewer:/opt/ros/humble /usr/bin/cmake --build /home/eleclabs/ros2_ws/build/webcam_stream -- -j4 -l4
[0.249s] -- Found ament_cmake: 1.3.11 (/opt/ros/humble/share/ament_cmake/cmake)
[0.762s] -- Found rclcpp: 16.0.11 (/opt/ros/humble/share/rclcpp/cmake)
[0.789s] -- Found rosidl_generator_c: 3.1.6 (/opt/ros/humble/share/rosidl_generator_c/cmake)
[0.799s] -- Found rosidl_adapter: 3.1.6 (/opt/ros/humble/share/rosidl_adapter/cmake)
[0.819s] -- Found rosidl_generator_cpp: 3.1.6 (/opt/ros/humble/share/rosidl_generator_cpp/cmake)
[0.859s] -- Using all available rosidl_typesupport_c: rosidl_typesupport_fastrtps_c;rosidl_typesupport_introspection_c
[1.099s] -- Using all available rosidl_typesupport_cpp: rosidl_typesupport_fastrtps_cpp;rosidl_typesupport_introspection_cpp
[1.099s] -- Found rmw_implementation_cmake: 6.1.2 (/opt/ros/humble/share/rmw_implementation_cmake/cmake)
[1.099s] -- Found rmw_cyclonedds_cpp: 1.3.4 (/opt/ros/humble/share/rmw_cyclonedds_cpp/cmake)
[1.099s] -- Using RMW implementation 'rmw_cyclonedds_cpp' as default
[1.181s] -- Found sensor_msgs: 4.2.4 (/opt/ros/humble/share/sensor_msgs/cmake)
[1.347s] -- Found cv_bridge: 3.2.1 (/opt/ros/humble/share/cv_bridge/cmake)
[1.388s] -- Found image_transport: 3.1.10 (/opt/ros/humble/share/image_transport/cmake)
[1.467s] -- Found ament_lint_auto: 0.12.11 (/opt/ros/humble/share/ament_lint_auto/cmake)
[1.750s] -- Added test 'cppcheck' to perform static code analysis on C / C++ code
[1.751s] -- Configured cppcheck include dirs: 
[1.751s] -- Configured cppcheck exclude dirs and/or files: 
[1.751s] -- Added test 'lint_cmake' to check CMake code style
[1.751s] -- Added test 'uncrustify' to check C / C++ code style
[1.751s] -- Configured uncrustify additional arguments: 
[1.751s] -- Added test 'xmllint' to check XML markup files
[1.886s] -- Configuring done
[1.886s] -- Generating done
[1.886s] -- Build files have been written to: /home/eleclabs/ros2_ws/build/webcam_stream
[2.126s] [ 25%] [32mBuilding CXX object CMakeFiles/webcam_subscriber.dir/src/webcam_subscriber.cpp.o[0m
[2.174s] [ 50%] [32mBuilding CXX object CMakeFiles/webcam_publisher.dir/src/webcam_publisher.cpp.o[0m
[2.853s] [01m[K/home/eleclabs/ros2_ws/src/webcam_stream/src/webcam_publisher.cpp:2:10:[m[K [01;31m[Kfatal error: [m[Kimage_transport/image_transport.hpp: No such file or directory
[2.853s]     2 | #include [01;31m[K<image_transport/image_transport.hpp>[m[K
[2.854s]       |          [01;31m[K^~~~~~~~~~~~~~~~~~~~~~~~~~~~~~~~~~~~~[m[K
[2.854s] compilation terminated.
[2.873s] gmake[2]: *** [CMakeFiles/webcam_publisher.dir/build.make:76: CMakeFiles/webcam_publisher.dir/src/webcam_publisher.cpp.o] Error 1
[2.897s] gmake[1]: *** [CMakeFiles/Makefile2:139: CMakeFiles/webcam_publisher.dir/all] Error 2
[2.898s] gmake[1]: *** Waiting for unfinished jobs....
[2.965s] [01m[K/home/eleclabs/ros2_ws/src/webcam_stream/src/webcam_subscriber.cpp:2:10:[m[K [01;31m[Kfatal error: [m[Kimage_transport/image_transport.hpp: No such file or directory
[2.966s]     2 | #include [01;31m[K<image_transport/image_transport.hpp>[m[K
[2.966s]       |          [01;31m[K^~~~~~~~~~~~~~~~~~~~~~~~~~~~~~~~~~~~~[m[K
[2.966s] compilation terminated.
[2.967s] gmake[2]: *** [CMakeFiles/webcam_subscriber.dir/build.make:76: CMakeFiles/webcam_subscriber.dir/src/webcam_subscriber.cpp.o] Error 1
[2.968s] gmake[1]: *** [CMakeFiles/Makefile2:165: CMakeFiles/webcam_subscriber.dir/all] Error 2
[2.968s] gmake: *** [Makefile:146: all] Error 2
[2.977s] Invoked command in '/home/eleclabs/ros2_ws/build/webcam_stream' returned '2': CMAKE_PREFIX_PATH=${CMAKE_PREFIX_PATH}:/home/eleclabs/ros2_ws/install/usb_cam_realtime:/home/eleclabs/ros2_ws/install/usb_cam_example:/home/eleclabs/ros2_ws/install/ros2_opencv:/home/eleclabs/ros2_ws/install/opencv_tools:/home/eleclabs/ros2_ws/install/object_detection:/home/eleclabs/ros2_ws/install/image_viewer:/opt/ros/humble /usr/bin/cmake --build /home/eleclabs/ros2_ws/build/webcam_stream -- -j4 -l4
