[0.008s] Invoking command in '/home/eleclabs/ros2_ws/build/webcam_stream': CMAKE_PREFIX_PATH=${CMAKE_PREFIX_PATH}:/home/eleclabs/ros2_ws/install/usb_cam_realtime:/home/eleclabs/ros2_ws/install/usb_cam_example:/home/eleclabs/ros2_ws/install/ros2_opencv:/home/eleclabs/ros2_ws/install/opencv_tools:/home/eleclabs/ros2_ws/install/object_detection:/home/eleclabs/ros2_ws/install/image_viewer:/opt/ros/humble /usr/bin/cmake /home/eleclabs/ros2_ws/src/webcam_stream -DCMAKE_INSTALL_PREFIX=/home/eleclabs/ros2_ws/install/webcam_stream
[1.176s] -- The C compiler identification is GNU 11.4.0
[2.072s] -- The CXX compiler identification is GNU 11.4.0
[2.202s] -- Detecting C compiler ABI info
[2.613s] -- Detecting C compiler ABI info - done
[2.635s] -- Check for working C compiler: /usr/bin/cc - skipped
[2.642s] -- Detecting C compile features
[2.643s] -- Detecting C compile features - done
[2.702s] -- Detecting CXX compiler ABI info
[3.045s] -- Detecting CXX compiler ABI info - done
[3.075s] -- Check for working CXX compiler: /usr/bin/c++ - skipped
[3.075s] -- Detecting CXX compile features
[3.080s] -- Detecting CXX compile features - done
[3.133s] -- Found ament_cmake: 1.3.11 (/opt/ros/humble/share/ament_cmake/cmake)
[3.803s] -- Found Python3: /usr/bin/python3 (found version "3.10.12") found components: Interpreter 
[4.418s] -- Found rclcpp: 16.0.11 (/opt/ros/humble/share/rclcpp/cmake)
[4.904s] -- Found rosidl_generator_c: 3.1.6 (/opt/ros/humble/share/rosidl_generator_c/cmake)
[4.976s] -- Found rosidl_adapter: 3.1.6 (/opt/ros/humble/share/rosidl_adapter/cmake)
[5.054s] -- Found rosidl_generator_cpp: 3.1.6 (/opt/ros/humble/share/rosidl_generator_cpp/cmake)
[5.231s] -- Using all available rosidl_typesupport_c: rosidl_typesupport_fastrtps_c;rosidl_typesupport_introspection_c
[5.365s] -- Using all available rosidl_typesupport_cpp: rosidl_typesupport_fastrtps_cpp;rosidl_typesupport_introspection_cpp
[5.755s] -- Found rmw_implementation_cmake: 6.1.2 (/opt/ros/humble/share/rmw_implementation_cmake/cmake)
[5.789s] -- Found rmw_cyclonedds_cpp: 1.3.4 (/opt/ros/humble/share/rmw_cyclonedds_cpp/cmake)
[6.014s] -- Using RMW implementation 'rmw_cyclonedds_cpp' as default
[6.094s] -- Looking for pthread.h
[6.673s] -- Looking for pthread.h - found
[6.673s] -- Performing Test CMAKE_HAVE_LIBC_PTHREAD
[7.011s] -- Performing Test CMAKE_HAVE_LIBC_PTHREAD - Success
[7.014s] -- Found Threads: TRUE  
[7.511s] -- Found sensor_msgs: 4.2.4 (/opt/ros/humble/share/sensor_msgs/cmake)
[7.780s] -- Found cv_bridge: 3.2.1 (/opt/ros/humble/share/cv_bridge/cmake)
[7.862s] -- Found image_transport: 3.1.10 (/opt/ros/humble/share/image_transport/cmake)
[8.311s] -- Found OpenCV: /usr (found version "4.5.4") 
[8.344s] -- Found ament_lint_auto: 0.12.11 (/opt/ros/humble/share/ament_lint_auto/cmake)
[8.952s] -- Added test 'cppcheck' to perform static code analysis on C / C++ code
[8.952s] -- Configured cppcheck include dirs: 
[8.952s] -- Configured cppcheck exclude dirs and/or files: 
[8.962s] -- Added test 'lint_cmake' to check CMake code style
[8.969s] -- Added test 'uncrustify' to check C / C++ code style
[8.969s] -- Configured uncrustify additional arguments: 
[8.974s] -- Added test 'xmllint' to check XML markup files
[8.987s] -- Configuring done
[9.103s] -- Generating done
[9.181s] -- Build files have been written to: /home/eleclabs/ros2_ws/build/webcam_stream
[9.216s] Invoked command in '/home/eleclabs/ros2_ws/build/webcam_stream' returned '0': CMAKE_PREFIX_PATH=${CMAKE_PREFIX_PATH}:/home/eleclabs/ros2_ws/install/usb_cam_realtime:/home/eleclabs/ros2_ws/install/usb_cam_example:/home/eleclabs/ros2_ws/install/ros2_opencv:/home/eleclabs/ros2_ws/install/opencv_tools:/home/eleclabs/ros2_ws/install/object_detection:/home/eleclabs/ros2_ws/install/image_viewer:/opt/ros/humble /usr/bin/cmake /home/eleclabs/ros2_ws/src/webcam_stream -DCMAKE_INSTALL_PREFIX=/home/eleclabs/ros2_ws/install/webcam_stream
[9.232s] Invoking command in '/home/eleclabs/ros2_ws/build/webcam_stream': CMAKE_PREFIX_PATH=${CMAKE_PREFIX_PATH}:/home/eleclabs/ros2_ws/install/usb_cam_realtime:/home/eleclabs/ros2_ws/install/usb_cam_example:/home/eleclabs/ros2_ws/install/ros2_opencv:/home/eleclabs/ros2_ws/install/opencv_tools:/home/eleclabs/ros2_ws/install/object_detection:/home/eleclabs/ros2_ws/install/image_viewer:/opt/ros/humble /usr/bin/cmake --build /home/eleclabs/ros2_ws/build/webcam_stream -- -j4 -l4
[9.605s] [ 25%] [32mBuilding CXX object CMakeFiles/webcam_publisher.dir/src/webcam_publisher.cpp.o[0m
[13.500s] [01m[K/home/eleclabs/ros2_ws/src/webcam_stream/src/webcam_publisher.cpp:2:10:[m[K [01;31m[Kfatal error: [m[Kimage_transport/image_transport.hpp: No such file or directory
[13.500s]     2 | #include [01;31m[K<image_transport/image_transport.hpp>[m[K
[13.501s]       |          [01;31m[K^~~~~~~~~~~~~~~~~~~~~~~~~~~~~~~~~~~~~[m[K
[13.501s] compilation terminated.
[13.522s] gmake[2]: *** [CMakeFiles/webcam_publisher.dir/build.make:76: CMakeFiles/webcam_publisher.dir/src/webcam_publisher.cpp.o] Error 1
[13.524s] gmake[1]: *** [CMakeFiles/Makefile2:139: CMakeFiles/webcam_publisher.dir/all] Error 2
[13.555s] gmake: *** [Makefile:146: all] Error 2
[13.557s] Invoked command in '/home/eleclabs/ros2_ws/build/webcam_stream' returned '2': CMAKE_PREFIX_PATH=${CMAKE_PREFIX_PATH}:/home/eleclabs/ros2_ws/install/usb_cam_realtime:/home/eleclabs/ros2_ws/install/usb_cam_example:/home/eleclabs/ros2_ws/install/ros2_opencv:/home/eleclabs/ros2_ws/install/opencv_tools:/home/eleclabs/ros2_ws/install/object_detection:/home/eleclabs/ros2_ws/install/image_viewer:/opt/ros/humble /usr/bin/cmake --build /home/eleclabs/ros2_ws/build/webcam_stream -- -j4 -l4
